[2026-05-30 23:33:05] === Ultimate product image fix ===
[2026-05-30 23:33:09] Product pages: 107
[2026-05-30 23:33:14] Unique image paths: 352
[2026-05-30 23:33:15] Images OK: 352 | Failed: 0
[2026-05-30 23:33:26] Updated pages: 107
[2026-05-30 23:33:27] J2L2: carousel=0 issues= missing=0
[2026-05-30 23:33:27] 19.html: carousel=0 issues= missing=0
[2026-05-30 23:33:27] Disk images: 774
[2026-05-30 23:33:27] === Done ===
[2026-05-30 23:34:43] === Ultimate product image fix ===
[2026-05-30 23:34:44] Product pages: 107
[2026-05-30 23:34:48] Unique image paths: 640
[2026-05-30 23:34:49] Download failed: https://omo-oss-image.thefastimg.com/portal-saas/pg2025032715012632289/cms/image/0016f8a3-cd66-419a-a49f-858d0b542fa9.jpg,name: -> 远程服务器返回错误: (404) 未找到。
[2026-05-30 23:34:49] Download failed: https://omo-oss-image.thefastimg.com/portal-saas/pg2025032715012632289/cms/image/00244dc6-c66d-4639-a1c0-3f5adb03cb85.jpg,name: -> 远程服务器返回错误: (404) 未找到。
[2026-05-30 23:34:49] Download failed: https://omo-oss-image.thefastimg.com/portal-saas/pg2025032715012632289/cms/image/00362621-9c5c-4f0b-8a40-ab0c352690a8.jpg,name: -> 远程服务器返回错误: (404) 未找到。
[2026-05-30 23:34:49] Download failed: https://omo-oss-image.thefastimg.com/portal-saas/pg2025032715012632289/cms/image/00f6c2fe-3261-4ba0-ac6a-92bb02fe3baf.jpg,name: -> 远程服务器返回错误: (404) 未找到。
[2026-05-30 23:34:49] Download failed: https://omo-oss-image.thefastimg.com/portal-saas/pg2025032715012632289/cms/image/010cebd5-0338-4be8-9a6c-cfa4fe616dc7.jpg,name: -> 远程服务器返回错误: (404) 未找到。
[2026-05-30 23:34:49] Download failed: https://omo-oss-image.thefastimg.com/portal-saas/pg2025032715012632289/cms/image/0111a3cc-ad45-47e8-aadd-52f93af0eedc.jpg,name: -> 远程服务器返回错误: (404) 未找到。
[2026-05-30 23:34:49] Download failed: https://omo-oss-image.thefastimg.com/portal-saas/pg2025032715012632289/cms/image/01e4b9b4-ac8a-44ad-aeba-9ca6e93a280a.jpg,name: -> 远程服务器返回错误: (404) 未找到。
[2026-05-30 23:34:49] Download failed: https://omo-oss-image.thefastimg.com/portal-saas/pg2025032715012632289/cms/image/0261079b-880f-42b4-9e52-b97dc3443236.jpg,name: -> 远程服务器返回错误: (404) 未找到。
[2026-05-30 23:34:49] Download failed: https://omo-oss-image.thefastimg.com/portal-saas/pg2025032715012632289/cms/image/02e7942e-1e6c-4eea-8a81-633be5831853.jpg,name: -> 远程服务器返回错误: (404) 未找到。
[2026-05-30 23:34:49] Download failed: https://omo-oss-image.thefastimg.com/portal-saas/pg2025032715012632289/cms/image/0360db04-f9d3-4f87-b6cf-2da90231f522.jpg,name: -> 远程服务器返回错误: (404) 未找到。
[2026-05-30 23:34:50] Download failed: https://omo-oss-image.thefastimg.com/portal-saas/pg2025032715012632289/cms/image/0369bc7d-785a-435a-9aba-88244cec6183.jpg,name: -> 远程服务器返回错误: (404) 未找到。
[2026-05-30 23:34:50] Download failed: https://omo-oss-image.thefastimg.com/portal-saas/pg2025032715012632289/cms/image/04786cd3-e16f-450c-a610-cfa0eaf9b7b6.jpg,name: -> 远程服务器返回错误: (404) 未找到。
[2026-05-30 23:34:50] Download failed: https://omo-oss-image.thefastimg.com/portal-saas/pg2025032715012632289/cms/image/04796edd-55ee-4ef2-ae99-b2fc4c3eda58.jpg,name: -> 远程服务器返回错误: (404) 未找到。
[2026-05-30 23:34:50] Download failed: https://omo-oss-image.thefastimg.com/portal-saas/pg2025032715012632289/cms/image/077a8b08-005f-47ce-86d5-5fd5bd0864c9.jpg,name: -> 远程服务器返回错误: (404) 未找到。
[2026-05-30 23:34:50] Download failed: https://omo-oss-image.thefastimg.com/portal-saas/pg2025032715012632289/cms/image/0941d10c-db72-4eeb-a87f-3d923f189c5d.jpg,name: -> 远程服务器返回错误: (404) 未找到。
[2026-05-30 23:34:50] Download failed: https://omo-oss-image.thefastimg.com/portal-saas/pg2025032715012632289/cms/image/0adcc7ed-1748-424e-b05f-df2620368534.jpg,name: -> 远程服务器返回错误: (404) 未找到。
[2026-05-30 23:34:50] Download failed: https://omo-oss-image.thefastimg.com/portal-saas/pg2025032715012632289/cms/image/0b089bf8-c3c2-4760-8f47-ad513636663b.jpg,name: -> 远程服务器返回错误: (404) 未找到。
[2026-05-30 23:34:50] Download failed: https://omo-oss-image.thefastimg.com/portal-saas/pg2025032715012632289/cms/image/0c35dee6-4fe6-4d1c-80f1-8ad67f0ee481.jpg,name: -> 远程服务器返回错误: (404) 未找到。
[2026-05-30 23:34:50] Download failed: https://omo-oss-image.thefastimg.com/portal-saas/pg2025032715012632289/cms/image/0da4f62d-3f1e-4882-81b8-86bad3f44ece.jpg,name: -> 远程服务器返回错误: (404) 未找到。
[2026-05-30 23:34:50] Download failed: https://omo-oss-image.thefastimg.com/portal-saas/pg2025032715012632289/cms/image/0de3e9d7-2743-4ce0-8ee3-9aa69d1c74d2.jpg,name: -> 远程服务器返回错误: (404) 未找到。
[2026-05-30 23:34:50] Download failed: https://omo-oss-image.thefastimg.com/portal-saas/pg2025032715012632289/cms/image/0e1cba79-adfc-4e90-846c-ff2ec148da88.jpg,name: -> 远程服务器返回错误: (404) 未找到。
[2026-05-30 23:34:51] Download failed: https://omo-oss-image.thefastimg.com/portal-saas/pg2025032715012632289/cms/image/0e98271f-c3ff-4982-9e0d-1fa9d3bb7d13.jpg,name: -> 远程服务器返回错误: (404) 未找到。
[2026-05-30 23:34:51] Download failed: https://omo-oss-image.thefastimg.com/portal-saas/pg2025032715012632289/cms/image/0ea719d9-b82e-414e-8fec-a76763a6a47e.jpg,name: -> 远程服务器返回错误: (404) 未找到。
[2026-05-30 23:34:51] Download failed: https://omo-oss-image.thefastimg.com/portal-saas/pg2025032715012632289/cms/image/0fbf5433-4468-49a1-a3d3-0983eae5aacc.jpg,name: -> 远程服务器返回错误: (404) 未找到。
[2026-05-30 23:34:51] Download failed: https://omo-oss-image.thefastimg.com/portal-saas/pg2025032715012632289/cms/image/12186122-ff3a-4cd2-a123-a9f12d9efbe8.jpg,name: -> 远程服务器返回错误: (404) 未找到。
[2026-05-30 23:34:51] Download failed: https://omo-oss-image.thefastimg.com/portal-saas/pg2025032715012632289/cms/image/129aaec5-b9ad-448a-9f11-718e6bd90700.jpg,name: -> 远程服务器返回错误: (404) 未找到。
[2026-05-30 23:34:51] Download failed: https://omo-oss-image.thefastimg.com/portal-saas/pg2025032715012632289/cms/image/143601b0-444f-4098-8596-cdfb76b87a05.jpg,name: -> 远程服务器返回错误: (404) 未找到。
[2026-05-30 23:34:51] Download failed: https://omo-oss-image.thefastimg.com/portal-saas/pg2025032715012632289/cms/image/14b7befa-3489-4305-8e71-5c03ddf8e2d8.jpg,name: -> 远程服务器返回错误: (404) 未找到。
[2026-05-30 23:34:51] Download failed: https://omo-oss-image.thefastimg.com/portal-saas/pg2025032715012632289/cms/image/17991db2-c71d-4f8f-810f-808abcbf28fd.jpg,name: -> 远程服务器返回错误: (404) 未找到。
[2026-05-30 23:34:51] Download failed: https://omo-oss-image.thefastimg.com/portal-saas/pg2025032715012632289/cms/image/184d6bf3-6e4c-46d9-91fc-e65903d7743b.jpg,name: -> 远程服务器返回错误: (404) 未找到。
[2026-05-30 23:34:51] Download failed: https://omo-oss-image.thefastimg.com/portal-saas/pg2025032715012632289/cms/image/1903fcd7-32e0-43ee-a530-a6414adb43fe.jpg,name: -> 远程服务器返回错误: (404) 未找到。
[2026-05-30 23:34:51] Download failed: https://omo-oss-image.thefastimg.com/portal-saas/pg2025032715012632289/cms/image/1b79c4c0-bce2-4af0-8e37-fdea9d789127.jpg,name: -> 远程服务器返回错误: (404) 未找到。
[2026-05-30 23:34:52] Download failed: https://omo-oss-image.thefastimg.com/portal-saas/pg2025032715012632289/cms/image/1c858551-bfc1-4b5a-a4fb-a09e127af97d.jpg,name: -> 远程服务器返回错误: (404) 未找到。
[2026-05-30 23:34:52] Download failed: https://omo-oss-image.thefastimg.com/portal-saas/pg2025032715012632289/cms/image/1cc56f01-51d5-4eb6-9474-b743be1c4702.jpg,name: -> 远程服务器返回错误: (404) 未找到。
[2026-05-30 23:34:52] Download failed: https://omo-oss-image.thefastimg.com/portal-saas/pg2025032715012632289/cms/image/1d11f2d4-21bc-4fa4-b05a-7c57d5b63a88.jpg,name: -> 远程服务器返回错误: (404) 未找到。
[2026-05-30 23:34:52] Download failed: https://omo-oss-image.thefastimg.com/portal-saas/pg2025032715012632289/cms/image/1d9ec87d-b358-4607-b90e-4bd93f7d1336.jpg,name: -> 远程服务器返回错误: (404) 未找到。
[2026-05-30 23:34:52] Download failed: https://omo-oss-image.thefastimg.com/portal-saas/pg2025032715012632289/cms/image/2134680a-164f-4ba3-99ce-f6e6d86a446f.jpg,name: -> 远程服务器返回错误: (404) 未找到。
[2026-05-30 23:34:52] Download failed: https://omo-oss-image.thefastimg.com/portal-saas/pg2025032715012632289/cms/image/21a264b1-e913-4395-86f2-2c8b6d776a0d.jpg,name: -> 远程服务器返回错误: (404) 未找到。
[2026-05-30 23:34:52] Download failed: https://omo-oss-image.thefastimg.com/portal-saas/pg2025032715012632289/cms/image/21de7422-8301-40d4-a76a-53b68119156a.jpg,name: -> 远程服务器返回错误: (404) 未找到。
[2026-05-30 23:34:52] Download failed: https://omo-oss-image.thefastimg.com/portal-saas/pg2025032715012632289/cms/image/2223940d-96cd-4bbc-8c98-0589e4d1180f.jpg,name: -> 远程服务器返回错误: (404) 未找到。
[2026-05-30 23:34:52] Download failed: https://omo-oss-image.thefastimg.com/portal-saas/pg2025032715012632289/cms/image/2325cb5b-bfc0-44b1-9c8c-a8a68c69aeab.jpg,name: -> 远程服务器返回错误: (404) 未找到。
[2026-05-30 23:34:52] Download failed: https://omo-oss-image.thefastimg.com/portal-saas/pg2025032715012632289/cms/image/2357aec1-f3fe-4650-8639-fc5b21596d08.jpg,name: -> 远程服务器返回错误: (404) 未找到。
[2026-05-30 23:34:52] Download failed: https://omo-oss-image.thefastimg.com/portal-saas/pg2025032715012632289/cms/image/23bb8660-a002-4ef4-857e-faf8518b1722.jpg,name: -> 远程服务器返回错误: (404) 未找到。
[2026-05-30 23:34:53] Download failed: https://omo-oss-image.thefastimg.com/portal-saas/pg2025032715012632289/cms/image/24bc23c3-7257-400f-a7e7-576e01914fe5.jpg,name: -> 远程服务器返回错误: (404) 未找到。
[2026-05-30 23:34:53] Download failed: https://omo-oss-image.thefastimg.com/portal-saas/pg2025032715012632289/cms/image/24fe0d55-5349-47a0-ad85-50223293c0d9.jpg,name: -> 远程服务器返回错误: (404) 未找到。
[2026-05-30 23:34:53] Download failed: https://omo-oss-image.thefastimg.com/portal-saas/pg2025032715012632289/cms/image/2655424d-3d1a-4db5-b2c9-165cdb474967.jpg,name: -> 远程服务器返回错误: (404) 未找到。
[2026-05-30 23:34:53] Download failed: https://omo-oss-image.thefastimg.com/portal-saas/pg2025032715012632289/cms/image/283a5fab-5186-425c-88f7-e9050a9412d9.jpg,name: -> 远程服务器返回错误: (404) 未找到。
[2026-05-30 23:34:53] Download failed: https://omo-oss-image.thefastimg.com/portal-saas/pg2025032715012632289/cms/image/29a7e5c0-2041-4da5-b295-b42a911c153a.jpg,name: -> 远程服务器返回错误: (404) 未找到。
[2026-05-30 23:34:53] Download failed: https://omo-oss-image.thefastimg.com/portal-saas/pg2025032715012632289/cms/image/2a253b1f-929a-4f97-b7c9-c1efd03d53b4.jpg,name: -> 远程服务器返回错误: (404) 未找到。
[2026-05-30 23:34:53] Download failed: https://omo-oss-image.thefastimg.com/portal-saas/pg2025032715012632289/cms/image/2b651a19-d2cc-483f-a965-b48b5b9abae6.jpg,name: -> 远程服务器返回错误: (404) 未找到。
[2026-05-30 23:34:53] Download failed: https://omo-oss-image.thefastimg.com/portal-saas/pg2025032715012632289/cms/image/2bda8150-6294-442e-a1bb-953565000959.jpg,name: -> 远程服务器返回错误: (404) 未找到。
[2026-05-30 23:34:53] Download failed: https://omo-oss-image.thefastimg.com/portal-saas/pg2025032715012632289/cms/image/2cdc7f83-09d8-42b4-ba65-5056fa072e6f.jpg,name: -> 远程服务器返回错误: (404) 未找到。
[2026-05-30 23:34:53] Download failed: https://omo-oss-image.thefastimg.com/portal-saas/pg2025032715012632289/cms/image/2f7a8c5d-2223-4c64-98bf-be44868a1d30.jpg,name: -> 远程服务器返回错误: (404) 未找到。
[2026-05-30 23:34:53] Download failed: https://omo-oss-image.thefastimg.com/portal-saas/pg2025032715012632289/cms/image/30a575d9-783c-4a18-8d4a-ca8e8d73c76d.jpg,name: -> 远程服务器返回错误: (404) 未找到。
[2026-05-30 23:34:54] Download failed: https://omo-oss-image.thefastimg.com/portal-saas/pg2025032715012632289/cms/image/31f1412f-fe3c-4fd7-9b76-aa152b9a0444.jpg,name: -> 远程服务器返回错误: (404) 未找到。
[2026-05-30 23:34:54] Download failed: https://omo-oss-image.thefastimg.com/portal-saas/pg2025032715012632289/cms/image/33a4e9f9-1e1e-4be9-b0ae-4b5745832ab5.jpg,name: -> 远程服务器返回错误: (404) 未找到。
[2026-05-30 23:34:54] Download failed: https://omo-oss-image.thefastimg.com/portal-saas/pg2025032715012632289/cms/image/34434c19-ff22-4a75-a1f7-71b119d44f55.jpg,name: -> 远程服务器返回错误: (404) 未找到。
[2026-05-30 23:34:54] Download failed: https://omo-oss-image.thefastimg.com/portal-saas/pg2025032715012632289/cms/image/365da52f-d620-4c80-afad-64c37f89df31.jpg,name: -> 远程服务器返回错误: (404) 未找到。
[2026-05-30 23:34:54] Download failed: https://omo-oss-image.thefastimg.com/portal-saas/pg2025032715012632289/cms/image/366f55c4-c9b1-48eb-a56b-c206d85015cd.jpg,name: -> 远程服务器返回错误: (404) 未找到。
[2026-05-30 23:34:54] Download failed: https://omo-oss-image.thefastimg.com/portal-saas/pg2025032715012632289/cms/image/39816b91-d4f2-43b4-9dcf-a84ea68df88c.jpg,name: -> 远程服务器返回错误: (404) 未找到。
[2026-05-30 23:34:54] Download failed: https://omo-oss-image.thefastimg.com/portal-saas/pg2025032715012632289/cms/image/399ce413-0fb0-4178-ac89-1d895a868951.jpg,name: -> 远程服务器返回错误: (404) 未找到。
[2026-05-30 23:34:54] Download failed: https://omo-oss-image.thefastimg.com/portal-saas/pg2025032715012632289/cms/image/3ac953a8-e9b6-4fa6-96e7-a685b78f6775.jpg,name: -> 远程服务器返回错误: (404) 未找到。
[2026-05-30 23:34:54] Download failed: https://omo-oss-image.thefastimg.com/portal-saas/pg2025032715012632289/cms/image/3ae4b33a-f56c-4998-ad8e-cf50358aa1d8.jpg,name: -> 远程服务器返回错误: (404) 未找到。
[2026-05-30 23:34:54] Download failed: https://omo-oss-image.thefastimg.com/portal-saas/pg2025032715012632289/cms/image/3b62bbdf-fdcb-43b7-b14e-e36d60d1b5ed.jpg,name: -> 远程服务器返回错误: (404) 未找到。
[2026-05-30 23:34:54] Download failed: https://omo-oss-image.thefastimg.com/portal-saas/pg2025032715012632289/cms/image/3b868436-0d70-4720-ba48-642bc749d754.jpg,name: -> 远程服务器返回错误: (404) 未找到。
[2026-05-30 23:34:54] Download failed: https://omo-oss-image.thefastimg.com/portal-saas/pg2025032715012632289/cms/image/3c3439db-2765-4754-b713-aab4053d1132.jpg,name: -> 远程服务器返回错误: (404) 未找到。
[2026-05-30 23:34:54] Download failed: https://omo-oss-image.thefastimg.com/portal-saas/pg2025032715012632289/cms/image/3c56b1fb-e25b-4697-80c7-7abd06154e14.jpg,name: -> 远程服务器返回错误: (404) 未找到。
[2026-05-30 23:34:55] Download failed: https://omo-oss-image.thefastimg.com/portal-saas/pg2025032715012632289/cms/image/3cdfc59e-cbba-49f1-8ebe-02a0aa180154.jpg,name: -> 远程服务器返回错误: (404) 未找到。
[2026-05-30 23:34:55] Download failed: https://omo-oss-image.thefastimg.com/portal-saas/pg2025032715012632289/cms/image/3d4c451f-5ec8-405c-ab1f-8f2a9ec30b61.jpg,name: -> 远程服务器返回错误: (404) 未找到。
[2026-05-30 23:34:55] Download failed: https://omo-oss-image.thefastimg.com/portal-saas/pg2025032715012632289/cms/image/3dc547aa-3841-4861-a7d9-eb8e80ca039a.jpg,name: -> 远程服务器返回错误: (404) 未找到。
[2026-05-30 23:34:55] Download failed: https://omo-oss-image.thefastimg.com/portal-saas/pg2025032715012632289/cms/image/3e48ce31-f551-4832-8d1b-47e2da011343.jpg,name: -> 远程服务器返回错误: (404) 未找到。
[2026-05-30 23:34:55] Download failed: https://omo-oss-image.thefastimg.com/portal-saas/pg2025032715012632289/cms/image/3e5d8353-0e5f-410c-b143-c494a3b227ac.jpg,name: -> 远程服务器返回错误: (404) 未找到。
[2026-05-30 23:34:55] Download failed: https://omo-oss-image.thefastimg.com/portal-saas/pg2025032715012632289/cms/image/3e708038-9311-441e-8387-6a249c7eb386.jpg,name: -> 远程服务器返回错误: (404) 未找到。
[2026-05-30 23:34:55] Download failed: https://omo-oss-image.thefastimg.com/portal-saas/pg2025032715012632289/cms/image/3ea52985-4dd1-4426-9606-5eb649969b1e.jpg,name: -> 远程服务器返回错误: (404) 未找到。
[2026-05-30 23:34:55] Download failed: https://omo-oss-image.thefastimg.com/portal-saas/pg2025032715012632289/cms/image/3f704847-abe2-497b-9aac-580324650473.jpg,name: -> 远程服务器返回错误: (404) 未找到。
[2026-05-30 23:34:55] Download failed: https://omo-oss-image.thefastimg.com/portal-saas/pg2025032715012632289/cms/image/4000a391-6265-4864-a1c8-9ba58100d7f4.jpg,name: -> 远程服务器返回错误: (404) 未找到。
[2026-05-30 23:34:55] Download failed: https://omo-oss-image.thefastimg.com/portal-saas/pg2025032715012632289/cms/image/404049eb-ef75-4535-b68d-262ae6651abd.jpg,name: -> 远程服务器返回错误: (404) 未找到。
[2026-05-30 23:34:55] Download failed: https://omo-oss-image.thefastimg.com/portal-saas/pg2025032715012632289/cms/image/40a1e8a1-a3e8-4b2a-a13c-4d69d60b50e9.jpg,name: -> 远程服务器返回错误: (404) 未找到。
[2026-05-30 23:34:55] Download failed: https://omo-oss-image.thefastimg.com/portal-saas/pg2025032715012632289/cms/image/4518ebf7-55db-42d7-b46b-7c349fef3f71.jpg,name: -> 远程服务器返回错误: (404) 未找到。
[2026-05-30 23:34:56] Download failed: https://omo-oss-image.thefastimg.com/portal-saas/pg2025032715012632289/cms/image/45538ebf-b2ff-4706-b3f2-3ae8fd3312f0.jpg,name: -> 远程服务器返回错误: (404) 未找到。
[2026-05-30 23:34:56] Download failed: https://omo-oss-image.thefastimg.com/portal-saas/pg2025032715012632289/cms/image/4a28ba44-1911-4355-b0f0-45b0fe756289.jpg,name: -> 远程服务器返回错误: (404) 未找到。
[2026-05-30 23:34:56] Download failed: https://omo-oss-image.thefastimg.com/portal-saas/pg2025032715012632289/cms/image/4a642332-34ed-4377-bc46-c87c0220012b.jpg,name: -> 远程服务器返回错误: (404) 未找到。
[2026-05-30 23:34:56] Download failed: https://omo-oss-image.thefastimg.com/portal-saas/pg2025032715012632289/cms/image/4a68d07c-dd7a-47b0-9e33-6372ca3538a4.jpg,name: -> 远程服务器返回错误: (404) 未找到。
[2026-05-30 23:34:56] Download failed: https://omo-oss-image.thefastimg.com/portal-saas/pg2025032715012632289/cms/image/4b445f8d-0e28-4a1d-b589-2dc9294389f0.jpg,name: -> 远程服务器返回错误: (404) 未找到。
[2026-05-30 23:34:56] Download failed: https://omo-oss-image.thefastimg.com/portal-saas/pg2025032715012632289/cms/image/4bacb583-3d17-46be-b6fc-ecc01bd0b360.jpg,name: -> 远程服务器返回错误: (404) 未找到。
[2026-05-30 23:34:56] Download failed: https://omo-oss-image.thefastimg.com/portal-saas/pg2025032715012632289/cms/image/4c2eb6d3-f3a3-4fe4-882f-2532685dd9a6.jpg,name: -> 远程服务器返回错误: (404) 未找到。
[2026-05-30 23:34:56] Download failed: https://omo-oss-image.thefastimg.com/portal-saas/pg2025032715012632289/cms/image/4c62ecb8-afe3-4b80-b332-4bafe7ac95e9.jpg,name: -> 远程服务器返回错误: (404) 未找到。
[2026-05-30 23:34:56] Download failed: https://omo-oss-image.thefastimg.com/portal-saas/pg2025032715012632289/cms/image/4cbb8efc-a82f-4261-bacd-27f1173c01d2.jpg,name: -> 远程服务器返回错误: (404) 未找到。
[2026-05-30 23:34:56] Download failed: https://omo-oss-image.thefastimg.com/portal-saas/pg2025032715012632289/cms/image/4d855073-4ea7-4764-a2e5-dd29f349750a.jpg,name: -> 远程服务器返回错误: (404) 未找到。
[2026-05-30 23:34:56] Download failed: https://omo-oss-image.thefastimg.com/portal-saas/pg2025032715012632289/cms/image/4d9e3b7e-1c6d-441f-a725-f497f6bf885d.jpg,name: -> 远程服务器返回错误: (404) 未找到。
[2026-05-30 23:34:56] Download failed: https://omo-oss-image.thefastimg.com/portal-saas/pg2025032715012632289/cms/image/4e3a8ca5-5bab-4188-9fdd-822f93df7222.jpg,name: -> 远程服务器返回错误: (404) 未找到。
[2026-05-30 23:34:56] Download failed: https://omo-oss-image.thefastimg.com/portal-saas/pg2025032715012632289/cms/image/4e7e7786-c654-43a8-96e8-39e820b594d4.jpg,name: -> 远程服务器返回错误: (404) 未找到。
[2026-05-30 23:34:57] Download failed: https://omo-oss-image.thefastimg.com/portal-saas/pg2025032715012632289/cms/image/4eb7e1f3-f922-4b13-a2b0-a25e20be60ef.jpg,name: -> 远程服务器返回错误: (404) 未找到。
[2026-05-30 23:34:57] Download failed: https://omo-oss-image.thefastimg.com/portal-saas/pg2025032715012632289/cms/image/4f98656f-199f-457f-9888-53d582ccaf8d.jpg,name: -> 远程服务器返回错误: (404) 未找到。
[2026-05-30 23:34:57] Download failed: https://omo-oss-image.thefastimg.com/portal-saas/pg2025032715012632289/cms/image/50fbb801-2458-460d-be9a-958cc7a5877a.jpg,name: -> 远程服务器返回错误: (404) 未找到。
[2026-05-30 23:34:57] Download failed: https://omo-oss-image.thefastimg.com/portal-saas/pg2025032715012632289/cms/image/51cd502e-b71d-4f83-960e-f57dabcff1f0.jpg,name: -> 远程服务器返回错误: (404) 未找到。
[2026-05-30 23:34:57] Download failed: https://omo-oss-image.thefastimg.com/portal-saas/pg2025032715012632289/cms/image/5314bdf3-ade3-4eec-a575-589f3ea8d577.jpg,name: -> 远程服务器返回错误: (404) 未找到。
[2026-05-30 23:34:57] Download failed: https://omo-oss-image.thefastimg.com/portal-saas/pg2025032715012632289/cms/image/5501ed69-8a07-4257-b1e9-2bc628cfae46.jpg,name: -> 远程服务器返回错误: (404) 未找到。
[2026-05-30 23:34:57] Download failed: https://omo-oss-image.thefastimg.com/portal-saas/pg2025032715012632289/cms/image/55fd636e-c18d-4d52-a9a6-3f386d264eff.jpg,name: -> 远程服务器返回错误: (404) 未找到。
[2026-05-30 23:34:57] Download failed: https://omo-oss-image.thefastimg.com/portal-saas/pg2025032715012632289/cms/image/57e178f7-94d4-43ec-99c2-87d82b40df07.jpg,name: -> 远程服务器返回错误: (404) 未找到。
[2026-05-30 23:34:57] Download failed: https://omo-oss-image.thefastimg.com/portal-saas/pg2025032715012632289/cms/image/5822c780-8902-4b24-b4d1-e72d71830ba0.jpg,name: -> 远程服务器返回错误: (404) 未找到。
[2026-05-30 23:34:57] Download failed: https://omo-oss-image.thefastimg.com/portal-saas/pg2025032715012632289/cms/image/5846e6ae-290e-48e1-a8cd-ace5f5495e8a.jpg,name: -> 远程服务器返回错误: (404) 未找到。
[2026-05-30 23:34:57] Download failed: https://omo-oss-image.thefastimg.com/portal-saas/pg2025032715012632289/cms/image/58587e18-e6dd-4575-9fae-d9e23371913c.jpg,name: -> 远程服务器返回错误: (404) 未找到。
[2026-05-30 23:34:57] Download failed: https://omo-oss-image.thefastimg.com/portal-saas/pg2025032715012632289/cms/image/590cabc1-5646-4ed6-9a98-a9b020a8d5df.jpg,name: -> 远程服务器返回错误: (404) 未找到。
[2026-05-30 23:34:57] Download failed: https://omo-oss-image.thefastimg.com/portal-saas/pg2025032715012632289/cms/image/590d462b-31df-49e6-ac20-8d1b7f88b2ca.jpg,name: -> 远程服务器返回错误: (404) 未找到。
[2026-05-30 23:34:58] Download failed: https://omo-oss-image.thefastimg.com/portal-saas/pg2025032715012632289/cms/image/59f640b7-7065-4824-8ad7-26abb28866b2.jpg,name: -> 远程服务器返回错误: (404) 未找到。
[2026-05-30 23:34:58] Download failed: https://omo-oss-image.thefastimg.com/portal-saas/pg2025032715012632289/cms/image/5a54c870-c7e3-427d-a9a0-0f9714b23d5a.jpg,name: -> 远程服务器返回错误: (404) 未找到。
[2026-05-30 23:34:58] Download failed: https://omo-oss-image.thefastimg.com/portal-saas/pg2025032715012632289/cms/image/5b31c0b7-cb9c-4a78-b970-dbfea95eb18c.jpg,name: -> 远程服务器返回错误: (404) 未找到。
[2026-05-30 23:34:58] Download failed: https://omo-oss-image.thefastimg.com/portal-saas/pg2025032715012632289/cms/image/5bb3cde4-6d9e-4a09-bbe0-d248cc06474a.jpg,name: -> 远程服务器返回错误: (404) 未找到。
[2026-05-30 23:34:58] Download failed: https://omo-oss-image.thefastimg.com/portal-saas/pg2025032715012632289/cms/image/5c98391b-cbcf-4d61-aaaf-f63b56f10878.jpg,name: -> 远程服务器返回错误: (404) 未找到。
[2026-05-30 23:34:58] Download failed: https://omo-oss-image.thefastimg.com/portal-saas/pg2025032715012632289/cms/image/5cb1acba-3350-417a-9396-3394d408a113.jpg,name: -> 远程服务器返回错误: (404) 未找到。
[2026-05-30 23:34:58] Download failed: https://omo-oss-image.thefastimg.com/portal-saas/pg2025032715012632289/cms/image/5d0c42e7-605c-40ee-b3b0-c163b1362b27.jpg,name: -> 远程服务器返回错误: (404) 未找到。
[2026-05-30 23:34:58] Download failed: https://omo-oss-image.thefastimg.com/portal-saas/pg2025032715012632289/cms/image/5d78cf25-bd40-42e3-a0ee-bbe3a83bbe8a.jpg,name: -> 远程服务器返回错误: (404) 未找到。
[2026-05-30 23:34:58] Download failed: https://omo-oss-image.thefastimg.com/portal-saas/pg2025032715012632289/cms/image/6086c2c2-b740-4d5d-8159-26bc43fe3953.jpg,name: -> 远程服务器返回错误: (404) 未找到。
[2026-05-30 23:34:58] Download failed: https://omo-oss-image.thefastimg.com/portal-saas/pg2025032715012632289/cms/image/6309d2ce-1b9c-4a0e-9713-7a40c5e1aad4.jpg,name: -> 远程服务器返回错误: (404) 未找到。
[2026-05-30 23:34:58] Download failed: https://omo-oss-image.thefastimg.com/portal-saas/pg2025032715012632289/cms/image/64d81b3f-8ce2-490c-99ee-55ba1c05a4d2.jpg,name: -> 远程服务器返回错误: (404) 未找到。
[2026-05-30 23:34:58] Download failed: https://omo-oss-image.thefastimg.com/portal-saas/pg2025032715012632289/cms/image/6688e554-8410-45d7-9a0e-7b7be9a12951.jpg,name: -> 远程服务器返回错误: (404) 未找到。
[2026-05-30 23:34:58] Download failed: https://omo-oss-image.thefastimg.com/portal-saas/pg2025032715012632289/cms/image/691d6763-0e95-4e10-af82-9d3084e9f238.jpg,name: -> 远程服务器返回错误: (404) 未找到。
[2026-05-30 23:34:59] Download failed: https://omo-oss-image.thefastimg.com/portal-saas/pg2025032715012632289/cms/image/6ae41c31-d90e-43a4-a700-5951ffaac142.jpg,name: -> 远程服务器返回错误: (404) 未找到。
[2026-05-30 23:34:59] Download failed: https://omo-oss-image.thefastimg.com/portal-saas/pg2025032715012632289/cms/image/6ae9a450-64d5-469a-bcdc-48f900a33a89.jpg,name: -> 远程服务器返回错误: (404) 未找到。
[2026-05-30 23:34:59] Download failed: https://omo-oss-image.thefastimg.com/portal-saas/pg2025032715012632289/cms/image/6b144f03-c0fe-4ca5-8f87-097b8652d356.jpg,name: -> 远程服务器返回错误: (404) 未找到。
[2026-05-30 23:34:59] Download failed: https://omo-oss-image.thefastimg.com/portal-saas/pg2025032715012632289/cms/image/6c763599-e219-4b43-a3a3-af7d3eb46b78.jpg,name: -> 远程服务器返回错误: (404) 未找到。
[2026-05-30 23:34:59] Download failed: https://omo-oss-image.thefastimg.com/portal-saas/pg2025032715012632289/cms/image/6caf7fd6-173c-457a-87bf-eeda8a39bb24.jpg,name: -> 远程服务器返回错误: (404) 未找到。
[2026-05-30 23:34:59] Download failed: https://omo-oss-image.thefastimg.com/portal-saas/pg2025032715012632289/cms/image/6de1c167-e50c-436b-9908-071e691efd8d.jpg,name: -> 远程服务器返回错误: (404) 未找到。
[2026-05-30 23:34:59] Download failed: https://omo-oss-image.thefastimg.com/portal-saas/pg2025032715012632289/cms/image/6efd22f2-eb7a-4fc7-816e-1d6f397fa07f.jpg,name: -> 远程服务器返回错误: (404) 未找到。
[2026-05-30 23:34:59] Download failed: https://omo-oss-image.thefastimg.com/portal-saas/pg2025032715012632289/cms/image/6f806613-eb36-4a41-9655-a7426b8bc854.jpg,name: -> 远程服务器返回错误: (404) 未找到。
[2026-05-30 23:34:59] Download failed: https://omo-oss-image.thefastimg.com/portal-saas/pg2025032715012632289/cms/image/7091e6d1-9dba-4de7-a21b-2b9a010efa7e.jpg,name: -> 远程服务器返回错误: (404) 未找到。
[2026-05-30 23:34:59] Download failed: https://omo-oss-image.thefastimg.com/portal-saas/pg2025032715012632289/cms/image/711f29c9-43c9-4a8c-8638-afd7d722a308.jpg,name: -> 远程服务器返回错误: (404) 未找到。
[2026-05-30 23:34:59] Download failed: https://omo-oss-image.thefastimg.com/portal-saas/pg2025032715012632289/cms/image/721ac15b-6daf-4090-abbc-014122acd46f.jpg,name: -> 远程服务器返回错误: (404) 未找到。
[2026-05-30 23:34:59] Download failed: https://omo-oss-image.thefastimg.com/portal-saas/pg2025032715012632289/cms/image/744cd30d-64a6-4d8b-9fe2-7c9f6a998871.jpg,name: -> 远程服务器返回错误: (404) 未找到。
[2026-05-30 23:34:59] Download failed: https://omo-oss-image.thefastimg.com/portal-saas/pg2025032715012632289/cms/image/754cc249-47d5-4ebb-975f-7415cdecc0c0.jpg,name: -> 远程服务器返回错误: (404) 未找到。
[2026-05-30 23:35:00] Download failed: https://omo-oss-image.thefastimg.com/portal-saas/pg2025032715012632289/cms/image/75531dcc-723c-4101-ab17-2824ae586b05.jpg,name: -> 远程服务器返回错误: (404) 未找到。
[2026-05-30 23:35:00] Download failed: https://omo-oss-image.thefastimg.com/portal-saas/pg2025032715012632289/cms/image/755d4029-42ad-4089-b561-5127ace78ec0.jpg,name: -> 远程服务器返回错误: (404) 未找到。
[2026-05-30 23:35:00] Download failed: https://omo-oss-image.thefastimg.com/portal-saas/pg2025032715012632289/cms/image/7764b305-2f2b-4650-848b-1f8affaf1b38.jpg,name: -> 远程服务器返回错误: (404) 未找到。
[2026-05-30 23:35:00] Download failed: https://omo-oss-image.thefastimg.com/portal-saas/pg2025032715012632289/cms/image/77f849cf-7b25-4ad7-80b7-588f2cbf7bbb.jpg,name: -> 远程服务器返回错误: (404) 未找到。
[2026-05-30 23:35:00] Download failed: https://omo-oss-image.thefastimg.com/portal-saas/pg2025032715012632289/cms/image/783b3654-29e6-40f5-a54d-7ce581208491.jpg,name: -> 远程服务器返回错误: (404) 未找到。
[2026-05-30 23:35:01] Download failed: https://omo-oss-image.thefastimg.com/portal-saas/pg2025032715012632289/cms/image/793d1b16-abb2-45d1-9af0-eff13e58d8ce.jpg,name: -> 远程服务器返回错误: (404) 未找到。
[2026-05-30 23:35:01] Download failed: https://omo-oss-image.thefastimg.com/portal-saas/pg2025032715012632289/cms/image/795acda5-0f9d-45cb-866c-6b495549a910.jpg,name: -> 远程服务器返回错误: (404) 未找到。
[2026-05-30 23:35:01] Download failed: https://omo-oss-image.thefastimg.com/portal-saas/pg2025032715012632289/cms/image/7dd65b69-f8d6-41a7-b74a-615f67e74927.jpg,name: -> 远程服务器返回错误: (404) 未找到。
[2026-05-30 23:35:01] Download failed: https://omo-oss-image.thefastimg.com/portal-saas/pg2025032715012632289/cms/image/7ddf94b6-17c8-403c-963f-6612f733d248.jpg,name: -> 远程服务器返回错误: (404) 未找到。
[2026-05-30 23:35:02] Download failed: https://omo-oss-image.thefastimg.com/portal-saas/pg2025032715012632289/cms/image/7ec7e39a-d960-4976-af03-acb44571a1a5.jpg,name: -> 远程服务器返回错误: (404) 未找到。
[2026-05-30 23:35:03] Download failed: https://omo-oss-image.thefastimg.com/portal-saas/pg2025032715012632289/cms/image/7f9d9aea-a97b-47a1-bccf-b7226efed7ae.jpg,name: -> 远程服务器返回错误: (404) 未找到。
[2026-05-30 23:35:03] Download failed: https://omo-oss-image.thefastimg.com/portal-saas/pg2025032715012632289/cms/image/800ed61c-653b-4d68-a841-45d2ac5314b2.jpg,name: -> 远程服务器返回错误: (404) 未找到。
[2026-05-30 23:35:03] Download failed: https://omo-oss-image.thefastimg.com/portal-saas/pg2025032715012632289/cms/image/8073c985-4580-4357-a5f7-43b8418b508d.jpg,name: -> 远程服务器返回错误: (404) 未找到。
[2026-05-30 23:35:03] Download failed: https://omo-oss-image.thefastimg.com/portal-saas/pg2025032715012632289/cms/image/8122cf5c-3692-4122-9e23-e3f33751b95a.jpg,name: -> 远程服务器返回错误: (404) 未找到。
[2026-05-30 23:35:03] Download failed: https://omo-oss-image.thefastimg.com/portal-saas/pg2025032715012632289/cms/image/819f99b8-7a95-4eea-b1ab-7712ae0edcf7.jpg,name: -> 远程服务器返回错误: (404) 未找到。
[2026-05-30 23:35:03] Download failed: https://omo-oss-image.thefastimg.com/portal-saas/pg2025032715012632289/cms/image/81e96b6e-65d3-4467-b74e-5a5b2d30be4a.jpg,name: -> 远程服务器返回错误: (404) 未找到。
[2026-05-30 23:35:03] Download failed: https://omo-oss-image.thefastimg.com/portal-saas/pg2025032715012632289/cms/image/82b541eb-6faf-4662-bcac-ec8cb99ad0f2.jpg,name: -> 远程服务器返回错误: (404) 未找到。
[2026-05-30 23:35:03] Download failed: https://omo-oss-image.thefastimg.com/portal-saas/pg2025032715012632289/cms/image/82bebe1e-52e9-49a5-8a66-b6001a68a25b.jpg,name: -> 远程服务器返回错误: (404) 未找到。
[2026-05-30 23:35:03] Download failed: https://omo-oss-image.thefastimg.com/portal-saas/pg2025032715012632289/cms/image/82c261f6-ef7b-4efd-bfee-2bfce1fee5ba.jpg,name: -> 远程服务器返回错误: (404) 未找到。
[2026-05-30 23:35:03] Download failed: https://omo-oss-image.thefastimg.com/portal-saas/pg2025032715012632289/cms/image/834ad625-509f-4b53-931d-c1fb78b3e4d9.jpg,name: -> 远程服务器返回错误: (404) 未找到。
[2026-05-30 23:35:03] Download failed: https://omo-oss-image.thefastimg.com/portal-saas/pg2025032715012632289/cms/image/848e137d-946d-4daf-a87f-d7c4e37eb517.jpg,name: -> 远程服务器返回错误: (404) 未找到。
[2026-05-30 23:35:04] Download failed: https://omo-oss-image.thefastimg.com/portal-saas/pg2025032715012632289/cms/image/855c2ed6-7b90-4095-a5b5-701bb7ddc72d.jpg,name: -> 远程服务器返回错误: (404) 未找到。
[2026-05-30 23:35:04] Download failed: https://omo-oss-image.thefastimg.com/portal-saas/pg2025032715012632289/cms/image/8569e60c-7035-47c7-a2f6-b24cde8dfb3a.jpg,name: -> 远程服务器返回错误: (404) 未找到。
[2026-05-30 23:35:04] Download failed: https://omo-oss-image.thefastimg.com/portal-saas/pg2025032715012632289/cms/image/85718afd-fba8-4186-86c2-b20a13012f33.jpg,name: -> 远程服务器返回错误: (404) 未找到。
[2026-05-30 23:35:04] Download failed: https://omo-oss-image.thefastimg.com/portal-saas/pg2025032715012632289/cms/image/86d58066-9c67-402e-86dc-606ef8e86d7c.jpg,name: -> 远程服务器返回错误: (404) 未找到。
[2026-05-30 23:35:04] Download failed: https://omo-oss-image.thefastimg.com/portal-saas/pg2025032715012632289/cms/image/8725c6e7-ba15-4ac3-9503-a58064a29808.jpg,name: -> 远程服务器返回错误: (404) 未找到。
[2026-05-30 23:35:04] Download failed: https://omo-oss-image.thefastimg.com/portal-saas/pg2025032715012632289/cms/image/872bc192-6f2b-465f-b6fc-dfac524c2c6d.jpg,name: -> 远程服务器返回错误: (404) 未找到。
[2026-05-30 23:35:04] Download failed: https://omo-oss-image.thefastimg.com/portal-saas/pg2025032715012632289/cms/image/8740f900-4318-453a-abb4-d6705ceb2402.jpg,name: -> 远程服务器返回错误: (404) 未找到。
[2026-05-30 23:35:04] Download failed: https://omo-oss-image.thefastimg.com/portal-saas/pg2025032715012632289/cms/image/87fe1e8a-306f-468e-9b26-e67a3e206266.jpg,name: -> 远程服务器返回错误: (404) 未找到。
[2026-05-30 23:35:04] Download failed: https://omo-oss-image.thefastimg.com/portal-saas/pg2025032715012632289/cms/image/887c452c-4a38-4293-ba03-7f8e3b6f6529.jpg,name: -> 远程服务器返回错误: (404) 未找到。
[2026-05-30 23:35:04] Download failed: https://omo-oss-image.thefastimg.com/portal-saas/pg2025032715012632289/cms/image/893cb833-c26b-4bbc-b4e7-4268bf433b06.jpg,name: -> 远程服务器返回错误: (404) 未找到。
[2026-05-30 23:35:04] Download failed: https://omo-oss-image.thefastimg.com/portal-saas/pg2025032715012632289/cms/image/893f34f2-fdf0-4613-8470-ab9c333b019f.jpg,name: -> 远程服务器返回错误: (404) 未找到。
[2026-05-30 23:35:05] Download failed: https://omo-oss-image.thefastimg.com/portal-saas/pg2025032715012632289/cms/image/894e1bf4-e007-40de-8227-7c5513ab6c94.jpg,name: -> 远程服务器返回错误: (404) 未找到。
[2026-05-30 23:35:05] Download failed: https://omo-oss-image.thefastimg.com/portal-saas/pg2025032715012632289/cms/image/8977ace6-2383-4964-a395-5027c41712c9.jpg,name: -> 远程服务器返回错误: (404) 未找到。
[2026-05-30 23:35:05] Download failed: https://omo-oss-image.thefastimg.com/portal-saas/pg2025032715012632289/cms/image/8c995a39-dff7-4742-8174-65668bffc790.jpg,name: -> 远程服务器返回错误: (404) 未找到。
[2026-05-30 23:35:05] Download failed: https://omo-oss-image.thefastimg.com/portal-saas/pg2025032715012632289/cms/image/8cbe6d52-ef76-4404-ba60-a938a6439bc0.jpg,name: -> 远程服务器返回错误: (404) 未找到。
[2026-05-30 23:35:05] Download failed: https://omo-oss-image.thefastimg.com/portal-saas/pg2025032715012632289/cms/image/8d4a3937-23d8-4de5-b4af-05f20a6bf0ba.jpg,name: -> 远程服务器返回错误: (404) 未找到。
[2026-05-30 23:35:05] Download failed: https://omo-oss-image.thefastimg.com/portal-saas/pg2025032715012632289/cms/image/8d51432a-8933-4601-b0cd-fba29663c126.jpg,name: -> 远程服务器返回错误: (404) 未找到。
[2026-05-30 23:35:05] Download failed: https://omo-oss-image.thefastimg.com/portal-saas/pg2025032715012632289/cms/image/8dd80062-322b-4690-a7cb-24937232aa4b.jpg,name: -> 远程服务器返回错误: (404) 未找到。
[2026-05-30 23:35:05] Download failed: https://omo-oss-image.thefastimg.com/portal-saas/pg2025032715012632289/cms/image/8eba8508-6325-43b9-9704-69d513f3d641.jpg,name: -> 远程服务器返回错误: (404) 未找到。
[2026-05-30 23:35:05] Download failed: https://omo-oss-image.thefastimg.com/portal-saas/pg2025032715012632289/cms/image/8f384b51-71a8-401c-be7b-0d9a4d6a3c6d.jpg,name: -> 远程服务器返回错误: (404) 未找到。
[2026-05-30 23:35:05] Download failed: https://omo-oss-image.thefastimg.com/portal-saas/pg2025032715012632289/cms/image/8fd8ebf3-254e-49b6-b714-93eafac2bef3.jpg,name: -> 远程服务器返回错误: (404) 未找到。
[2026-05-30 23:35:05] Download failed: https://omo-oss-image.thefastimg.com/portal-saas/pg2025032715012632289/cms/image/93815286-c1c8-43a1-9827-a7932bacfe64.jpg,name: -> 远程服务器返回错误: (404) 未找到。
[2026-05-30 23:35:06] Download failed: https://omo-oss-image.thefastimg.com/portal-saas/pg2025032715012632289/cms/image/9590afed-7a23-4573-97bd-fd9b69831ec8.jpg,name: -> 远程服务器返回错误: (404) 未找到。
[2026-05-30 23:35:06] Download failed: https://omo-oss-image.thefastimg.com/portal-saas/pg2025032715012632289/cms/image/95f6282d-a6cb-43ea-b795-28976dc77612.jpg,name: -> 远程服务器返回错误: (404) 未找到。
[2026-05-30 23:35:06] Download failed: https://omo-oss-image.thefastimg.com/portal-saas/pg2025032715012632289/cms/image/97873680-8e3f-4ad3-9336-0af2f2696a8f.jpg,name: -> 远程服务器返回错误: (404) 未找到。
[2026-05-30 23:35:06] Download failed: https://omo-oss-image.thefastimg.com/portal-saas/pg2025032715012632289/cms/image/99467027-e9e4-4d37-a04a-7df882b8e99e.jpg,name: -> 远程服务器返回错误: (404) 未找到。
[2026-05-30 23:35:06] Download failed: https://omo-oss-image.thefastimg.com/portal-saas/pg2025032715012632289/cms/image/9a71c1c8-3393-4330-8802-d043346a7a87.jpg,name: -> 远程服务器返回错误: (404) 未找到。
[2026-05-30 23:35:06] Download failed: https://omo-oss-image.thefastimg.com/portal-saas/pg2025032715012632289/cms/image/9bc42a02-f268-4453-929d-3c72a009a3f5.jpg,name: -> 远程服务器返回错误: (404) 未找到。
[2026-05-30 23:35:06] Download failed: https://omo-oss-image.thefastimg.com/portal-saas/pg2025032715012632289/cms/image/9cb535ab-cf23-4eb1-98d1-91eed6a43d6c.jpg,name: -> 远程服务器返回错误: (404) 未找到。
[2026-05-30 23:35:06] Download failed: https://omo-oss-image.thefastimg.com/portal-saas/pg2025032715012632289/cms/image/9d920505-f2bd-4755-9ab9-aa96db54ddb8.jpg,name: -> 远程服务器返回错误: (404) 未找到。
[2026-05-30 23:35:06] Download failed: https://omo-oss-image.thefastimg.com/portal-saas/pg2025032715012632289/cms/image/9f1a8d85-1785-459a-a956-827eed06ab77.jpg,name: -> 远程服务器返回错误: (404) 未找到。
[2026-05-30 23:35:06] Download failed: https://omo-oss-image.thefastimg.com/portal-saas/pg2025032715012632289/cms/image/9fefa391-2f57-48a1-a60a-3b9ebf741fdd.jpg,name: -> 远程服务器返回错误: (404) 未找到。
[2026-05-30 23:35:07] Download failed: https://omo-oss-image.thefastimg.com/portal-saas/pg2025032715012632289/cms/image/a037de30-5f86-44f3-8330-640b797da125.jpg,name: -> 远程服务器返回错误: (404) 未找到。
[2026-05-30 23:35:07] Download failed: https://omo-oss-image.thefastimg.com/portal-saas/pg2025032715012632289/cms/image/a0c8e6a3-df77-4222-9b76-9c06b6c98689.jpg,name: -> 远程服务器返回错误: (404) 未找到。
[2026-05-30 23:35:07] Download failed: https://omo-oss-image.thefastimg.com/portal-saas/pg2025032715012632289/cms/image/a1f24042-c793-4230-b59a-a7954589da5b.jpg,name: -> 远程服务器返回错误: (404) 未找到。
[2026-05-30 23:35:07] Download failed: https://omo-oss-image.thefastimg.com/portal-saas/pg2025032715012632289/cms/image/a2a830a9-9d3e-49ad-90cc-64cef9cbf90f.jpg,name: -> 远程服务器返回错误: (404) 未找到。
[2026-05-30 23:35:07] Download failed: https://omo-oss-image.thefastimg.com/portal-saas/pg2025032715012632289/cms/image/a328e177-6fe7-41f6-a49f-fd0f39530496.jpg,name: -> 远程服务器返回错误: (404) 未找到。
[2026-05-30 23:35:07] Download failed: https://omo-oss-image.thefastimg.com/portal-saas/pg2025032715012632289/cms/image/a3ab41a1-62f9-4132-89ae-cf5aa6ba588a.jpg,name: -> 远程服务器返回错误: (404) 未找到。
[2026-05-30 23:35:07] Download failed: https://omo-oss-image.thefastimg.com/portal-saas/pg2025032715012632289/cms/image/a56c9d4c-ea1a-4996-a199-d0438130db87.jpg,name: -> 远程服务器返回错误: (404) 未找到。
[2026-05-30 23:35:07] Download failed: https://omo-oss-image.thefastimg.com/portal-saas/pg2025032715012632289/cms/image/a63fa941-8303-42aa-8a21-9e09e784d6c2.jpg,name: -> 远程服务器返回错误: (404) 未找到。
[2026-05-30 23:35:07] Download failed: https://omo-oss-image.thefastimg.com/portal-saas/pg2025032715012632289/cms/image/a6919cd0-83ec-4133-a369-e75023d1cdc0.jpg,name: -> 远程服务器返回错误: (404) 未找到。
[2026-05-30 23:35:07] Download failed: https://omo-oss-image.thefastimg.com/portal-saas/pg2025032715012632289/cms/image/a6f4a6dd-31b2-43d8-92a7-1b9ccd792a27.jpg,name: -> 远程服务器返回错误: (404) 未找到。
[2026-05-30 23:35:07] Download failed: https://omo-oss-image.thefastimg.com/portal-saas/pg2025032715012632289/cms/image/a7b5841d-18f0-4277-9e83-ea3c57340d0a.jpg,name: -> 远程服务器返回错误: (404) 未找到。
[2026-05-30 23:35:08] Download failed: https://omo-oss-image.thefastimg.com/portal-saas/pg2025032715012632289/cms/image/a90efd29-e74c-4d9c-b76a-a9dfb1cf98fe.jpg,name: -> 远程服务器返回错误: (404) 未找到。
[2026-05-30 23:35:08] Download failed: https://omo-oss-image.thefastimg.com/portal-saas/pg2025032715012632289/cms/image/a9c0fa00-4418-4e51-994e-966d767bb35d.jpg,name: -> 远程服务器返回错误: (404) 未找到。
[2026-05-30 23:35:08] Download failed: https://omo-oss-image.thefastimg.com/portal-saas/pg2025032715012632289/cms/image/a9fae223-671b-494f-9bab-d2bb5ab93d24.jpg,name: -> 远程服务器返回错误: (404) 未找到。
[2026-05-30 23:35:08] Download failed: https://omo-oss-image.thefastimg.com/portal-saas/pg2025032715012632289/cms/image/aa0eb446-82d4-4127-a28e-b6a60b146f82.jpg,name: -> 远程服务器返回错误: (404) 未找到。
[2026-05-30 23:35:08] Download failed: https://omo-oss-image.thefastimg.com/portal-saas/pg2025032715012632289/cms/image/ab84e72b-df85-403d-a968-75453326f4f0.jpg,name: -> 远程服务器返回错误: (404) 未找到。
[2026-05-30 23:35:08] Download failed: https://omo-oss-image.thefastimg.com/portal-saas/pg2025032715012632289/cms/image/acfedbb5-7cc9-4238-94a7-b9aa3e9f09b4.jpg,name: -> 远程服务器返回错误: (404) 未找到。
[2026-05-30 23:35:08] Download failed: https://omo-oss-image.thefastimg.com/portal-saas/pg2025032715012632289/cms/image/ad7ec38c-eb69-4ae7-8897-2d5e63580724.jpg,name: -> 远程服务器返回错误: (404) 未找到。
[2026-05-30 23:35:08] Download failed: https://omo-oss-image.thefastimg.com/portal-saas/pg2025032715012632289/cms/image/af34ee39-e246-4dd0-a002-d1d3329402dc.jpg,name: -> 远程服务器返回错误: (404) 未找到。
[2026-05-30 23:35:08] Download failed: https://omo-oss-image.thefastimg.com/portal-saas/pg2025032715012632289/cms/image/afb922a9-1ce1-426c-824c-d9526d25ce81.jpg,name: -> 远程服务器返回错误: (404) 未找到。
[2026-05-30 23:35:08] Download failed: https://omo-oss-image.thefastimg.com/portal-saas/pg2025032715012632289/cms/image/afc185c7-3845-41d3-8685-f56d8d668796.jpg,name: -> 远程服务器返回错误: (404) 未找到。
[2026-05-30 23:35:08] Download failed: https://omo-oss-image.thefastimg.com/portal-saas/pg2025032715012632289/cms/image/b1b22b52-c8e5-43c9-a6c2-e23e5cc7f7bc.jpg,name: -> 远程服务器返回错误: (404) 未找到。
[2026-05-30 23:35:08] Download failed: https://omo-oss-image.thefastimg.com/portal-saas/pg2025032715012632289/cms/image/b1f3d576-8a8a-4f73-9227-5639cb122b10.jpg,name: -> 远程服务器返回错误: (404) 未找到。
[2026-05-30 23:35:09] Download failed: https://omo-oss-image.thefastimg.com/portal-saas/pg2025032715012632289/cms/image/b3b1e64a-ec84-4bae-b1d9-cd9f91547647.jpg,name: -> 远程服务器返回错误: (404) 未找到。
[2026-05-30 23:35:09] Download failed: https://omo-oss-image.thefastimg.com/portal-saas/pg2025032715012632289/cms/image/b4441a6e-1af7-487b-a15a-fe1cb0146d00.jpg,name: -> 远程服务器返回错误: (404) 未找到。
[2026-05-30 23:35:09] Download failed: https://omo-oss-image.thefastimg.com/portal-saas/pg2025032715012632289/cms/image/b4c2ff7f-b512-40ae-9382-9352f7bfcb7b.jpg,name: -> 远程服务器返回错误: (404) 未找到。
[2026-05-30 23:35:09] Download failed: https://omo-oss-image.thefastimg.com/portal-saas/pg2025032715012632289/cms/image/b848ece8-ce57-4c4a-8edf-00dd58e4c941.jpg,name: -> 远程服务器返回错误: (404) 未找到。
[2026-05-30 23:35:09] Download failed: https://omo-oss-image.thefastimg.com/portal-saas/pg2025032715012632289/cms/image/b8e979a0-eefe-4325-9902-a7bd0cef685f.jpg,name: -> 远程服务器返回错误: (404) 未找到。
[2026-05-30 23:35:09] Download failed: https://omo-oss-image.thefastimg.com/portal-saas/pg2025032715012632289/cms/image/b9dbedd0-11f6-455c-bea8-abc3a7dd2c6e.jpg,name: -> 远程服务器返回错误: (404) 未找到。
[2026-05-30 23:35:09] Download failed: https://omo-oss-image.thefastimg.com/portal-saas/pg2025032715012632289/cms/image/ba4dcce9-fcb2-4826-a84f-10f089745c15.jpg,name: -> 远程服务器返回错误: (404) 未找到。
[2026-05-30 23:35:09] Download failed: https://omo-oss-image.thefastimg.com/portal-saas/pg2025032715012632289/cms/image/ba6c6dd3-8784-4ace-b002-506b13203684.jpg,name: -> 远程服务器返回错误: (404) 未找到。
[2026-05-30 23:35:09] Download failed: https://omo-oss-image.thefastimg.com/portal-saas/pg2025032715012632289/cms/image/bba3b316-6c9b-4220-b110-edc677f8ecff.jpg,name: -> 远程服务器返回错误: (404) 未找到。
[2026-05-30 23:35:09] Download failed: https://omo-oss-image.thefastimg.com/portal-saas/pg2025032715012632289/cms/image/bbaabae8-17e8-4452-a858-dd8ae02741e0.jpg,name: -> 远程服务器返回错误: (404) 未找到。
[2026-05-30 23:35:10] Download failed: https://omo-oss-image.thefastimg.com/portal-saas/pg2025032715012632289/cms/image/bc08d2a8-44d7-4d06-90a7-aa0853808c5e.jpg,name: -> 远程服务器返回错误: (404) 未找到。
[2026-05-30 23:35:10] Download failed: https://omo-oss-image.thefastimg.com/portal-saas/pg2025032715012632289/cms/image/bc20bb2c-bf6c-4433-9978-0620d05c6c21.jpg,name: -> 远程服务器返回错误: (404) 未找到。
[2026-05-30 23:35:10] Download failed: https://omo-oss-image.thefastimg.com/portal-saas/pg2025032715012632289/cms/image/bcad0020-47f8-4b61-8a5b-41bc4276772a.jpg,name: -> 远程服务器返回错误: (404) 未找到。
[2026-05-30 23:35:10] Download failed: https://omo-oss-image.thefastimg.com/portal-saas/pg2025032715012632289/cms/image/bcff0745-ebdd-421b-9cd4-a1e753d1460e.jpg,name: -> 远程服务器返回错误: (404) 未找到。
[2026-05-30 23:35:10] Download failed: https://omo-oss-image.thefastimg.com/portal-saas/pg2025032715012632289/cms/image/be4e57e7-c77e-4dad-b14b-b9c4ef97ed9c.jpg,name: -> 远程服务器返回错误: (404) 未找到。
[2026-05-30 23:35:10] Download failed: https://omo-oss-image.thefastimg.com/portal-saas/pg2025032715012632289/cms/image/be60ec4a-37a6-4caf-b2db-6b4cee7ee55c.jpg,name: -> 远程服务器返回错误: (404) 未找到。
[2026-05-30 23:35:10] Download failed: https://omo-oss-image.thefastimg.com/portal-saas/pg2025032715012632289/cms/image/be6f2791-0ff8-4eac-beff-1c363e6f19d1.jpg,name: -> 远程服务器返回错误: (404) 未找到。
[2026-05-30 23:35:10] Download failed: https://omo-oss-image.thefastimg.com/portal-saas/pg2025032715012632289/cms/image/bfe6494f-2625-4f26-b00b-d1b7a69848c7.jpg,name: -> 远程服务器返回错误: (404) 未找到。
[2026-05-30 23:35:10] Download failed: https://omo-oss-image.thefastimg.com/portal-saas/pg2025032715012632289/cms/image/c0bda6d1-6a95-42c6-ab7c-30bcc32103ce.jpg,name: -> 远程服务器返回错误: (404) 未找到。
[2026-05-30 23:35:10] Download failed: https://omo-oss-image.thefastimg.com/portal-saas/pg2025032715012632289/cms/image/c0c42e1d-52a1-4b90-861f-78ea5f8293af.jpg,name: -> 远程服务器返回错误: (404) 未找到。
[2026-05-30 23:35:10] Download failed: https://omo-oss-image.thefastimg.com/portal-saas/pg2025032715012632289/cms/image/c1d956be-6f1a-414f-af58-dae1ae024173.jpg,name: -> 远程服务器返回错误: (404) 未找到。
[2026-05-30 23:35:11] Download failed: https://omo-oss-image.thefastimg.com/portal-saas/pg2025032715012632289/cms/image/c254369c-a83d-40b1-9d76-65aef2fb4cfa.jpg,name: -> 远程服务器返回错误: (404) 未找到。
[2026-05-30 23:35:11] Download failed: https://omo-oss-image.thefastimg.com/portal-saas/pg2025032715012632289/cms/image/c269b7ba-eba0-41d9-b793-661249dc1c51.jpg,name: -> 远程服务器返回错误: (404) 未找到。
[2026-05-30 23:35:11] Download failed: https://omo-oss-image.thefastimg.com/portal-saas/pg2025032715012632289/cms/image/c4003dd0-d8e4-4ecc-bc7a-319798a3cde2.jpg,name: -> 远程服务器返回错误: (404) 未找到。
[2026-05-30 23:35:11] Download failed: https://omo-oss-image.thefastimg.com/portal-saas/pg2025032715012632289/cms/image/c54cfa47-4182-43a4-98f3-8f7ea30b540d.jpg,name: -> 远程服务器返回错误: (404) 未找到。
[2026-05-30 23:35:11] Download failed: https://omo-oss-image.thefastimg.com/portal-saas/pg2025032715012632289/cms/image/c5cccb99-c5e6-4311-96ab-53f8c35e7780.jpg,name: -> 远程服务器返回错误: (404) 未找到。
[2026-05-30 23:35:11] Download failed: https://omo-oss-image.thefastimg.com/portal-saas/pg2025032715012632289/cms/image/c5f4d275-20ca-4590-a00f-24b88c448c96.jpg,name: -> 远程服务器返回错误: (404) 未找到。
[2026-05-30 23:35:11] Download failed: https://omo-oss-image.thefastimg.com/portal-saas/pg2025032715012632289/cms/image/c5f8f4f9-46ca-4d6c-bce8-1e027113f635.jpg,name: -> 远程服务器返回错误: (404) 未找到。
[2026-05-30 23:35:11] Download failed: https://omo-oss-image.thefastimg.com/portal-saas/pg2025032715012632289/cms/image/c891c26e-2141-4284-84de-50a34f33c64a.jpg,name: -> 远程服务器返回错误: (404) 未找到。
[2026-05-30 23:35:11] Download failed: https://omo-oss-image.thefastimg.com/portal-saas/pg2025032715012632289/cms/image/ca6b3372-d177-4230-b61b-b56dfd2536ad.jpg,name: -> 远程服务器返回错误: (404) 未找到。
[2026-05-30 23:35:12] Download failed: https://omo-oss-image.thefastimg.com/portal-saas/pg2025032715012632289/cms/image/cd5f3bd5-c16a-458b-848a-6aafbf166403.jpg,name: -> 远程服务器返回错误: (404) 未找到。
[2026-05-30 23:35:12] Download failed: https://omo-oss-image.thefastimg.com/portal-saas/pg2025032715012632289/cms/image/cdd8df3a-d3d0-4bf2-b6e5-27b70c1ea16a.jpg,name: -> 远程服务器返回错误: (404) 未找到。
[2026-05-30 23:35:12] Download failed: https://omo-oss-image.thefastimg.com/portal-saas/pg2025032715012632289/cms/image/cf1d7ba3-a60b-418a-8935-2fa10da2e79b.jpg,name: -> 远程服务器返回错误: (404) 未找到。
[2026-05-30 23:35:12] Download failed: https://omo-oss-image.thefastimg.com/portal-saas/pg2025032715012632289/cms/image/d04b7e84-b02f-46fe-8def-e0d930e4de6f.jpg,name: -> 远程服务器返回错误: (404) 未找到。
[2026-05-30 23:35:12] Download failed: https://omo-oss-image.thefastimg.com/portal-saas/pg2025032715012632289/cms/image/d1c52a9e-93f9-4d65-8d06-ba5139e2baf0.jpg,name: -> 远程服务器返回错误: (404) 未找到。
[2026-05-30 23:35:12] Download failed: https://omo-oss-image.thefastimg.com/portal-saas/pg2025032715012632289/cms/image/d23b0142-4453-45b2-85c7-a43c8a263473.jpg,name: -> 远程服务器返回错误: (404) 未找到。
[2026-05-30 23:35:12] Download failed: https://omo-oss-image.thefastimg.com/portal-saas/pg2025032715012632289/cms/image/d3642f03-1fc2-464b-a030-2b424469eb2e.jpg,name: -> 远程服务器返回错误: (404) 未找到。
[2026-05-30 23:35:12] Download failed: https://omo-oss-image.thefastimg.com/portal-saas/pg2025032715012632289/cms/image/d37c688e-6617-4585-815c-1803672601e2.jpg,name: -> 远程服务器返回错误: (404) 未找到。
[2026-05-30 23:35:12] Download failed: https://omo-oss-image.thefastimg.com/portal-saas/pg2025032715012632289/cms/image/d526f689-307d-4e26-9a62-d2e084a30a51.jpg,name: -> 远程服务器返回错误: (404) 未找到。
[2026-05-30 23:35:12] Download failed: https://omo-oss-image.thefastimg.com/portal-saas/pg2025032715012632289/cms/image/d63f912a-c243-48ea-b6c3-6468a4a07a98.jpg,name: -> 远程服务器返回错误: (404) 未找到。
[2026-05-30 23:35:12] Download failed: https://omo-oss-image.thefastimg.com/portal-saas/pg2025032715012632289/cms/image/d8632630-3c6e-4599-8412-ced770e21f45.jpg,name: -> 远程服务器返回错误: (404) 未找到。
[2026-05-30 23:35:12] Download failed: https://omo-oss-image.thefastimg.com/portal-saas/pg2025032715012632289/cms/image/d8cc6623-50a7-4156-8bc5-b8267dd81882.jpg,name: -> 远程服务器返回错误: (404) 未找到。
[2026-05-30 23:35:13] Download failed: https://omo-oss-image.thefastimg.com/portal-saas/pg2025032715012632289/cms/image/d91d6e3e-db05-42cf-a6ff-49888ca054e2.jpg,name: -> 远程服务器返回错误: (404) 未找到。
[2026-05-30 23:35:13] Download failed: https://omo-oss-image.thefastimg.com/portal-saas/pg2025032715012632289/cms/image/db09edfa-4eea-4971-aea7-bd819f5e590c.jpg,name: -> 远程服务器返回错误: (404) 未找到。
[2026-05-30 23:35:13] Download failed: https://omo-oss-image.thefastimg.com/portal-saas/pg2025032715012632289/cms/image/dbb271eb-93f6-4445-889d-393329f14684.jpg,name: -> 远程服务器返回错误: (404) 未找到。
[2026-05-30 23:35:13] Download failed: https://omo-oss-image.thefastimg.com/portal-saas/pg2025032715012632289/cms/image/dd25a944-e4ba-42a2-aa9a-3ee02ea2bc45.jpg,name: -> 远程服务器返回错误: (404) 未找到。
[2026-05-30 23:35:13] Download failed: https://omo-oss-image.thefastimg.com/portal-saas/pg2025032715012632289/cms/image/df9943a3-54ed-4bce-a559-7ed3addf574f.jpg,name: -> 远程服务器返回错误: (404) 未找到。
[2026-05-30 23:35:13] Download failed: https://omo-oss-image.thefastimg.com/portal-saas/pg2025032715012632289/cms/image/e0bdcb80-9abf-479e-919b-7d3e23019ac7.jpg,name: -> 远程服务器返回错误: (404) 未找到。
[2026-05-30 23:35:13] Download failed: https://omo-oss-image.thefastimg.com/portal-saas/pg2025032715012632289/cms/image/e1a42fd3-3e14-4ec0-9acd-07914b15f6cd.jpg,name: -> 远程服务器返回错误: (404) 未找到。
[2026-05-30 23:35:13] Download failed: https://omo-oss-image.thefastimg.com/portal-saas/pg2025032715012632289/cms/image/e2c6d42b-6d82-4ef1-8bc7-fa97f5e7489b.jpg,name: -> 远程服务器返回错误: (404) 未找到。
[2026-05-30 23:35:14] Download failed: https://omo-oss-image.thefastimg.com/portal-saas/pg2025032715012632289/cms/image/e2f65db5-d942-4a31-8e8f-65dbc287ad5c.jpg,name: -> 远程服务器返回错误: (404) 未找到。
[2026-05-30 23:35:14] Download failed: https://omo-oss-image.thefastimg.com/portal-saas/pg2025032715012632289/cms/image/e4f56ed6-c9a4-4fed-bbdb-f566ba2bb726.jpg,name: -> 远程服务器返回错误: (404) 未找到。
[2026-05-30 23:35:14] Download failed: https://omo-oss-image.thefastimg.com/portal-saas/pg2025032715012632289/cms/image/e65a1bf3-217c-43c6-8036-543e3d852ff6.jpg,name: -> 远程服务器返回错误: (404) 未找到。
[2026-05-30 23:35:14] Download failed: https://omo-oss-image.thefastimg.com/portal-saas/pg2025032715012632289/cms/image/e766f184-9661-4820-b830-7067c4f25eb2.jpg,name: -> 远程服务器返回错误: (404) 未找到。
[2026-05-30 23:35:14] Download failed: https://omo-oss-image.thefastimg.com/portal-saas/pg2025032715012632289/cms/image/e8c98d89-a7da-45bd-8c11-09bd10ca031d.jpg,name: -> 远程服务器返回错误: (404) 未找到。
[2026-05-30 23:35:14] Download failed: https://omo-oss-image.thefastimg.com/portal-saas/pg2025032715012632289/cms/image/ea384878-24f3-498f-89b6-8368fe2c2488.jpg,name: -> 远程服务器返回错误: (404) 未找到。
[2026-05-30 23:35:14] Download failed: https://omo-oss-image.thefastimg.com/portal-saas/pg2025032715012632289/cms/image/eb1cb948-bf9b-49cb-a224-07c0b90ad6cb.jpg,name: -> 远程服务器返回错误: (404) 未找到。
[2026-05-30 23:35:14] Download failed: https://omo-oss-image.thefastimg.com/portal-saas/pg2025032715012632289/cms/image/eb81ad0a-98c7-4350-8eea-438641b89f1c.jpg,name: -> 远程服务器返回错误: (404) 未找到。
[2026-05-30 23:35:14] Download failed: https://omo-oss-image.thefastimg.com/portal-saas/pg2025032715012632289/cms/image/ee08f225-47f9-4038-a121-8ed096562201.jpg,name: -> 远程服务器返回错误: (404) 未找到。
[2026-05-30 23:35:14] Download failed: https://omo-oss-image.thefastimg.com/portal-saas/pg2025032715012632289/cms/image/ee582112-834d-4574-b7ee-f4c7ec668159.jpg,name: -> 远程服务器返回错误: (404) 未找到。
[2026-05-30 23:35:14] Download failed: https://omo-oss-image.thefastimg.com/portal-saas/pg2025032715012632289/cms/image/ee9a3b06-974f-4d14-a458-f99639b8bd15.jpg,name: -> 远程服务器返回错误: (404) 未找到。
[2026-05-30 23:35:14] Download failed: https://omo-oss-image.thefastimg.com/portal-saas/pg2025032715012632289/cms/image/eeb5ec5a-34eb-41fa-82a4-b50bd0d056ee.jpg,name: -> 远程服务器返回错误: (404) 未找到。
[2026-05-30 23:35:14] Download failed: https://omo-oss-image.thefastimg.com/portal-saas/pg2025032715012632289/cms/image/ef09f609-8cfa-45b5-a25c-72c6a03d1900.jpg,name: -> 远程服务器返回错误: (404) 未找到。
[2026-05-30 23:35:14] Download failed: https://omo-oss-image.thefastimg.com/portal-saas/pg2025032715012632289/cms/image/efbb42e3-f11f-4207-99bd-96beb105741f.jpg,name: -> 远程服务器返回错误: (404) 未找到。
[2026-05-30 23:35:15] Download failed: https://omo-oss-image.thefastimg.com/portal-saas/pg2025032715012632289/cms/image/f0efd9ce-00a8-4f55-b06d-33f373f8105e.jpg,name: -> 远程服务器返回错误: (404) 未找到。
[2026-05-30 23:35:15] Download failed: https://omo-oss-image.thefastimg.com/portal-saas/pg2025032715012632289/cms/image/f43bc991-eaea-4116-a8ee-fbfe6e91dfc9.jpg,name: -> 远程服务器返回错误: (404) 未找到。
[2026-05-30 23:35:15] Download failed: https://omo-oss-image.thefastimg.com/portal-saas/pg2025032715012632289/cms/image/f48b0052-c915-4228-aea7-a1be92d8656d.jpg,name: -> 远程服务器返回错误: (404) 未找到。
[2026-05-30 23:35:15] Download failed: https://omo-oss-image.thefastimg.com/portal-saas/pg2025032715012632289/cms/image/f7801a10-84e2-4dba-b052-0bbd77c65bf2.jpg,name: -> 远程服务器返回错误: (404) 未找到。
[2026-05-30 23:35:15] Download failed: https://omo-oss-image.thefastimg.com/portal-saas/pg2025032715012632289/cms/image/f853e0cf-b591-4b88-ab77-bcd613535b8a.jpg,name: -> 远程服务器返回错误: (404) 未找到。
[2026-05-30 23:35:15] Download failed: https://omo-oss-image.thefastimg.com/portal-saas/pg2025032715012632289/cms/image/f89739b9-6199-43dd-98b3-f658c255954b.jpg,name: -> 远程服务器返回错误: (404) 未找到。
[2026-05-30 23:35:15] Download failed: https://omo-oss-image.thefastimg.com/portal-saas/pg2025032715012632289/cms/image/f91e8ff2-da39-4624-a807-3b9c4a7f37b3.jpg,name: -> 远程服务器返回错误: (404) 未找到。
[2026-05-30 23:35:15] Download failed: https://omo-oss-image.thefastimg.com/portal-saas/pg2025032715012632289/cms/image/fb5eef37-b192-4d7e-be87-1581ad4b97d5.jpg,name: -> 远程服务器返回错误: (404) 未找到。
[2026-05-30 23:35:15] Download failed: https://omo-oss-image.thefastimg.com/portal-saas/pg2025032715012632289/cms/image/fba4f621-53e4-47b7-9124-22bc561b0722.jpg,name: -> 远程服务器返回错误: (404) 未找到。
[2026-05-30 23:35:15] Download failed: https://omo-oss-image.thefastimg.com/portal-saas/pg2025032715012632289/cms/image/fbce765a-5cee-452c-8eab-4fad84ade275.jpg,name: -> 远程服务器返回错误: (404) 未找到。
[2026-05-30 23:35:15] Download failed: https://omo-oss-image.thefastimg.com/portal-saas/pg2025032715012632289/cms/image/fc1a329a-b28f-4f10-9c13-67c66c12ec57.jpg,name: -> 远程服务器返回错误: (404) 未找到。
[2026-05-30 23:35:15] Download failed: https://omo-oss-image.thefastimg.com/portal-saas/pg2025032715012632289/cms/image/fc373100-d391-4524-8a74-7e2a8b1ecfa6.jpg,name: -> 远程服务器返回错误: (404) 未找到。
[2026-05-30 23:35:15] Download failed: https://omo-oss-image.thefastimg.com/portal-saas/pg2025032715012632289/cms/image/fcf8e216-9676-40ad-abe8-bade6e4cb118.jpg,name: -> 远程服务器返回错误: (404) 未找到。
[2026-05-30 23:35:16] Download failed: https://omo-oss-image.thefastimg.com/portal-saas/pg2025032715012632289/cms/image/fdb5845b-f3ad-4d81-9852-a2d3693617ae.jpg,name: -> 远程服务器返回错误: (404) 未找到。
[2026-05-30 23:35:16] Download failed: https://omo-oss-image.thefastimg.com/portal-saas/pg2025032715012632289/cms/image/fe2301d5-6981-4d43-a58e-d360f0c7a3a1.jpg,name: -> 远程服务器返回错误: (404) 未找到。
[2026-05-30 23:35:16] Download failed: https://omo-oss-image.thefastimg.com/portal-saas/pg2025032715012632289/cms/image/fe32834e-7c03-43cd-a87e-6902ba53b9bf.jpg,name: -> 远程服务器返回错误: (404) 未找到。
[2026-05-30 23:35:16] Download failed: https://omo-oss-image.thefastimg.com/portal-saas/pg2025032715012632289/cms/image/fe9ae0fb-d22b-40de-b508-6bdc5a6b862b.jpg,name: -> 远程服务器返回错误: (404) 未找到。
[2026-05-30 23:35:16] Images OK: 352 | Failed: 288
[2026-05-30 23:35:16] Failed list: portal-saas/pg2025032715012632289/cms/image/0016f8a3-cd66-419a-a49f-858d0b542fa9.jpg,name:, portal-saas/pg2025032715012632289/cms/image/00244dc6-c66d-4639-a1c0-3f5adb03cb85.jpg,name:, portal-saas/pg2025032715012632289/cms/image/00362621-9c5c-4f0b-8a40-ab0c352690a8.jpg,name:, portal-saas/pg2025032715012632289/cms/image/00f6c2fe-3261-4ba0-ac6a-92bb02fe3baf.jpg,name:, portal-saas/pg2025032715012632289/cms/image/010cebd5-0338-4be8-9a6c-cfa4fe616dc7.jpg,name:, portal-saas/pg2025032715012632289/cms/image/0111a3cc-ad45-47e8-aadd-52f93af0eedc.jpg,name:, portal-saas/pg2025032715012632289/cms/image/01e4b9b4-ac8a-44ad-aeba-9ca6e93a280a.jpg,name:, portal-saas/pg2025032715012632289/cms/image/0261079b-880f-42b4-9e52-b97dc3443236.jpg,name:, portal-saas/pg2025032715012632289/cms/image/02e7942e-1e6c-4eea-8a81-633be5831853.jpg,name:, portal-saas/pg2025032715012632289/cms/image/0360db04-f9d3-4f87-b6cf-2da90231f522.jpg,name:
[2026-05-30 23:35:26] Updated pages: 107
[2026-05-30 23:35:27] J2L2: carousel=0 issues= missing=0
[2026-05-30 23:35:27] 19.html: carousel=0 issues= missing=0
[2026-05-30 23:35:27] Disk images: 774
[2026-05-30 23:35:27] === Done ===
